<?xml version="1.0" encoding="UTF-8"?>
<!-- Generated by org.testng.reporters.JUnitReportReporter -->
<testsuite skipped="0" hostname="Bakis-MacBook-Pro.local" name="com.hrm.testrunner.TestRunner$LoginRunner" tests="2" failures="0" timestamp="23 Jun 2018 22:38:41 GMT" time="36.649" errors="0">
  <testcase name="feature" time="19.710" classname="com.hrm.testrunner.TestRunner$LoginRunner"/>
  <testcase name="feature" time="16.939" classname="com.hrm.testrunner.TestRunner$LoginRunner"/>
</testsuite> <!-- com.hrm.testrunner.TestRunner$LoginRunner -->
